#
# There is insufficient memory for the Java Runtime Environment to continue.
# Native memory allocation (malloc) failed to allocate 1911504 bytes for Chunk::new
# Possible reasons:
#   The system is out of physical RAM or swap space
#   In 32 bit mode, the process size limit was hit
# Possible solutions:
#   Reduce memory load on the system
#   Increase physical memory or swap space
#   Check if swap backing store is full
#   Use 64 bit Java on a 64 bit OS
#   Decrease Java heap size (-Xmx/-Xms)
#   Decrease number of Java threads
#   Decrease Java thread stack sizes (-Xss)
#   Set larger code cache with -XX:ReservedCodeCacheSize=
# This output file may be truncated or incomplete.
#
#  Out of Memory Error (allocation.cpp:390), pid=13052, tid=15000
#
# JRE version: Java(TM) SE Runtime Environment (8.0_20-b26) (build 1.8.0_20-b26)
# Java VM: Java HotSpot(TM) 64-Bit Server VM (25.20-b23 mixed mode windows-amd64 compressed oops)
# Failed to write core dump. Minidumps are not enabled by default on client versions of Windows
#

---------------  T H R E A D  ---------------

Current thread (0x00000000568c8000):  JavaThread "C2 CompilerThread1" daemon [_thread_in_native, id=15000, stack(0x0000000057130000,0x0000000057230000)]

Stack: [0x0000000057130000,0x0000000057230000]
Native frames: (J=compiled Java code, j=interpreted, Vv=VM code, C=native code)
V  [jvm.dll+0x3152fa]
V  [jvm.dll+0x265d03]
V  [jvm.dll+0x266943]
V  [jvm.dll+0x25e265]
V  [jvm.dll+0xbe255]
V  [jvm.dll+0xbe6fc]
V  [jvm.dll+0x449d02]
V  [jvm.dll+0x4bf4f5]
V  [jvm.dll+0x4c012f]
V  [jvm.dll+0x44fef1]
V  [jvm.dll+0x4526c8]
V  [jvm.dll+0x435fc2]
V  [jvm.dll+0x97b62]
V  [jvm.dll+0x98353]
V  [jvm.dll+0x22aac4]
V  [jvm.dll+0x283f5a]
C  [msvcr100.dll+0x21d9f]
C  [msvcr100.dll+0x21e3b]
C  [kernel32.dll+0x159ed]
C  [ntdll.dll+0x2c541]


Current CompileTask:
C2:1741656 8622       4       java.beans.MethodRef::find (62 bytes)


---------------  P R O C E S S  ---------------

Java Threads: ( => current thread )
  0x0000000058d32000 JavaThread "Forward streams with process: command 'C:\Program Files\Java\jdk1.8.0_20\bin\java.exe' Thread 3" [_thread_in_native, id=14728, stack(0x0000000062040000,0x0000000062140000)]
  0x0000000058d31000 JavaThread "Forward streams with process: command 'C:\Program Files\Java\jdk1.8.0_20\bin\java.exe' Thread 2" [_thread_in_native, id=13396, stack(0x0000000061e20000,0x0000000061f20000)]
  0x0000000058d30800 JavaThread "Forward streams with process: command 'C:\Program Files\Java\jdk1.8.0_20\bin\java.exe'" [_thread_blocked, id=15600, stack(0x0000000061d10000,0x0000000061e10000)]
  0x0000000058d5d800 JavaThread "Run command 'C:\Program Files\Java\jdk1.8.0_20\bin\java.exe'" [_thread_in_native, id=11428, stack(0x0000000061bc0000,0x0000000061cc0000)]
  0x0000000058d5f000 JavaThread "Stdin handler" [_thread_blocked, id=10416, stack(0x000000005c970000,0x000000005ca70000)]
  0x0000000058d5b800 JavaThread "Cancel handler" [_thread_blocked, id=13272, stack(0x0000000059450000,0x0000000059550000)]
  0x0000000058d5a800 JavaThread "Handler for socket connection from /127.0.0.1:11381 to /127.0.0.1:12050" [_thread_in_native, id=12696, stack(0x0000000059710000,0x0000000059810000)]
  0x0000000058d5c000 JavaThread "Daemon worker Thread 4" [_thread_blocked, id=13192, stack(0x000000005b1d0000,0x000000005b2d0000)]
  0x0000000058d59000 JavaThread "Daemon Thread 4" [_thread_blocked, id=16224, stack(0x0000000059580000,0x0000000059680000)]
  0x0000000058964800 JavaThread "File lock request listener" [_thread_in_native, id=13692, stack(0x000000005b0a0000,0x000000005b1a0000)]
  0x00000000582de000 JavaThread "Incoming local TCP Connector on port 11381" [_thread_in_native, id=4200, stack(0x00000000572a0000,0x00000000573a0000)]
  0x00000000554df800 JavaThread "Service Thread" daemon [_thread_blocked, id=14604, stack(0x00000000575d0000,0x00000000576d0000)]
  0x00000000568cb800 JavaThread "C1 CompilerThread2" daemon [_thread_blocked, id=13740, stack(0x00000000573a0000,0x00000000574a0000)]
=>0x00000000568c8000 JavaThread "C2 CompilerThread1" daemon [_thread_in_native, id=15000, stack(0x0000000057130000,0x0000000057230000)]
  0x00000000568c3000 JavaThread "C2 CompilerThread0" daemon [_thread_blocked, id=10724, stack(0x00000000563d0000,0x00000000564d0000)]
  0x00000000554d7800 JavaThread "Attach Listener" daemon [_thread_blocked, id=11856, stack(0x0000000056f30000,0x0000000057030000)]
  0x00000000554d6000 JavaThread "Signal Dispatcher" daemon [_thread_blocked, id=14908, stack(0x0000000056db0000,0x0000000056eb0000)]
  0x0000000055475800 JavaThread "Finalizer" daemon [_thread_blocked, id=13988, stack(0x00000000567c0000,0x00000000568c0000)]
  0x000000005546c800 JavaThread "Reference Handler" daemon [_thread_blocked, id=12844, stack(0x0000000056660000,0x0000000056760000)]
  0x000000000239e800 JavaThread "main" [_thread_blocked, id=16324, stack(0x00000000025f0000,0x00000000026f0000)]

Other Threads:
  0x0000000055467000 VMThread [stack: 0x0000000056550000,0x0000000056650000] [id=2724]
  0x000000005694a000 WatcherThread [stack: 0x0000000057750000,0x0000000057850000] [id=3368]

VM state:not at safepoint (normal execution)

VM Mutex/Monitor currently owned by a thread: None

Heap:
 PSYoungGen      total 294400K, used 47891K [0x00000000eab00000, 0x0000000100000000, 0x0000000100000000)
  eden space 257024K, 4% used [0x00000000eab00000,0x00000000eb584a18,0x00000000fa600000)
  from space 37376K, 99% used [0x00000000fa600000,0x00000000fca40560,0x00000000fca80000)
  to   space 50176K, 0% used [0x00000000fcf00000,0x00000000fcf00000,0x0000000100000000)
 ParOldGen       total 146944K, used 74458K [0x00000000c0000000, 0x00000000c8f80000, 0x00000000eab00000)
  object space 146944K, 50% used [0x00000000c0000000,0x00000000c48b69f0,0x00000000c8f80000)
 Metaspace       used 73468K, capacity 76366K, committed 77352K, reserved 1116160K
  class space    used 9995K, capacity 11089K, committed 11304K, reserved 1048576K

Card table byte_map: [0x0000000011d80000,0x0000000011f90000] byte_map_base: 0x0000000011780000

Marking Bits: (ParMarkBitMap*) 0x000000007068b460
 Begin Bits: [0x00000000128e0000, 0x00000000138e0000)
 End Bits:   [0x00000000138e0000, 0x00000000148e0000)

Polling page: 0x0000000000240000

CodeCache: size=245760Kb used=29620Kb max_used=30502Kb free=216139Kb
 bounds [0x00000000029c0000, 0x00000000047b0000, 0x00000000119c0000]
 total_blobs=9566 nmethods=8866 adapters=611
 compilation: enabled

Compilation events (10 events):
Event: 1740.730 Thread 0x00000000568c3000 10458       4       com.sun.tools.javac.model.FilteredMemberList$1::next (41 bytes)
Event: 1740.732 Thread 0x00000000568c3000 nmethod 10458 0x0000000002deee50 code [0x0000000002deefa0, 0x0000000002def118]
Event: 1740.733 Thread 0x00000000568c3000 10459       4       com.sun.tools.javac.util.Assert::checkNonNull (9 bytes)
Event: 1740.734 Thread 0x00000000568c3000 nmethod 10459 0x0000000003f42b10 code [0x0000000003f42c40, 0x0000000003f42c98]
Event: 1740.735 Thread 0x00000000568c3000 10466       4       com.sun.tools.javac.jvm.Code::emit1 (42 bytes)
Event: 1740.737 Thread 0x00000000568c3000 nmethod 10466 0x0000000003254290 code [0x00000000032543e0, 0x0000000003254688]
Event: 1740.738 Thread 0x00000000568c3000 10460       4       com.sun.tools.javac.jvm.ClassWriter$CWSignatureGenerator::append (9 bytes)
Event: 1740.740 Thread 0x00000000568c3000 nmethod 10460 0x00000000036e1310 code [0x00000000036e1460, 0x00000000036e1708]
Event: 1740.741 Thread 0x00000000568c3000 10472       4       com.sun.tools.javac.jvm.Code::emitop (114 bytes)
Event: 1740.758 Thread 0x00000000568c3000 nmethod 10472 0x00000000032dca90 code [0x00000000032dccc0, 0x00000000032ddb70]

GC Heap History (10 events):
Event: 1609.168 GC heap before
{Heap before GC invocations=17 (full 5):
 PSYoungGen      total 318976K, used 21272K [0x00000000eab00000, 0x0000000100000000, 0x0000000100000000)
  eden space 293888K, 0% used [0x00000000eab00000,0x00000000eab00000,0x00000000fca00000)
  from space 25088K, 84% used [0x00000000fe780000,0x00000000ffc46088,0x0000000100000000)
  to   space 27648K, 0% used [0x00000000fca00000,0x00000000fca00000,0x00000000fe500000)
 ParOldGen       total 74752K, used 54344K [0x00000000c0000000, 0x00000000c4900000, 0x00000000eab00000)
  object space 74752K, 72% used [0x00000000c0000000,0x00000000c3512358,0x00000000c4900000)
 Metaspace       used 54691K, capacity 57760K, committed 58024K, reserved 1097728K
  class space    used 7706K, capacity 8799K, committed 8872K, reserved 1048576K
Event: 1609.370 GC heap after
Heap after GC invocations=17 (full 5):
 PSYoungGen      total 318976K, used 0K [0x00000000eab00000, 0x0000000100000000, 0x0000000100000000)
  eden space 293888K, 0% used [0x00000000eab00000,0x00000000eab00000,0x00000000fca00000)
  from space 25088K, 0% used [0x00000000fe780000,0x00000000fe780000,0x0000000100000000)
  to   space 27648K, 0% used [0x00000000fca00000,0x00000000fca00000,0x00000000fe500000)
 ParOldGen       total 74752K, used 32397K [0x00000000c0000000, 0x00000000c4900000, 0x00000000eab00000)
  object space 74752K, 43% used [0x00000000c0000000,0x00000000c1fa34e0,0x00000000c4900000)
 Metaspace       used 41027K, capacity 41406K, committed 58024K, reserved 1097728K
  class space    used 5426K, capacity 5546K, committed 8872K, reserved 1048576K
}
Event: 1633.707 GC heap before
{Heap before GC invocations=18 (full 5):
 PSYoungGen      total 318976K, used 293888K [0x00000000eab00000, 0x0000000100000000, 0x0000000100000000)
  eden space 293888K, 100% used [0x00000000eab00000,0x00000000fca00000,0x00000000fca00000)
  from space 25088K, 0% used [0x00000000fe780000,0x00000000fe780000,0x0000000100000000)
  to   space 27648K, 0% used [0x00000000fca00000,0x00000000fca00000,0x00000000fe500000)
 ParOldGen       total 74752K, used 32397K [0x00000000c0000000, 0x00000000c4900000, 0x00000000eab00000)
  object space 74752K, 43% used [0x00000000c0000000,0x00000000c1fa34e0,0x00000000c4900000)
 Metaspace       used 49378K, capacity 50744K, committed 58024K, reserved 1097728K
  class space    used 6662K, capacity 7145K, committed 8872K, reserved 1048576K
Event: 1633.781 GC heap after
Heap after GC invocations=18 (full 5):
 PSYoungGen      total 321536K, used 27640K [0x00000000eab00000, 0x0000000100000000, 0x0000000100000000)
  eden space 293888K, 0% used [0x00000000eab00000,0x00000000eab00000,0x00000000fca00000)
  from space 27648K, 99% used [0x00000000fca00000,0x00000000fe4fe308,0x00000000fe500000)
  to   space 27648K, 0% used [0x00000000fe500000,0x00000000fe500000,0x0000000100000000)
 ParOldGen       total 74752K, used 40273K [0x00000000c0000000, 0x00000000c4900000, 0x00000000eab00000)
  object space 74752K, 53% used [0x00000000c0000000,0x00000000c27544e0,0x00000000c4900000)
 Metaspace       used 49378K, capacity 50744K, committed 58024K, reserved 1097728K
  class space    used 6662K, capacity 7145K, committed 8872K, reserved 1048576K
}
Event: 1734.073 GC heap before
{Heap before GC invocations=19 (full 5):
 PSYoungGen      total 321536K, used 321528K [0x00000000eab00000, 0x0000000100000000, 0x0000000100000000)
  eden space 293888K, 100% used [0x00000000eab00000,0x00000000fca00000,0x00000000fca00000)
  from space 27648K, 99% used [0x00000000fca00000,0x00000000fe4fe308,0x00000000fe500000)
  to   space 27648K, 0% used [0x00000000fe500000,0x00000000fe500000,0x0000000100000000)
 ParOldGen       total 74752K, used 40273K [0x00000000c0000000, 0x00000000c4900000, 0x00000000eab00000)
  object space 74752K, 53% used [0x00000000c0000000,0x00000000c27544e0,0x00000000c4900000)
 Metaspace       used 60007K, capacity 62514K, committed 63784K, reserved 1103872K
  class space    used 8189K, capacity 9152K, committed 9512K, reserved 1048576K
Event: 1734.142 GC heap after
Heap after GC invocations=19 (full 5):
 PSYoungGen      total 284672K, used 27647K [0x00000000eab00000, 0x0000000100000000, 0x0000000100000000)
  eden space 257024K, 0% used [0x00000000eab00000,0x00000000eab00000,0x00000000fa600000)
  from space 27648K, 99% used [0x00000000fe500000,0x00000000fffffde0,0x0000000100000000)
  to   space 46080K, 0% used [0x00000000fa600000,0x00000000fa600000,0x00000000fd300000)
 ParOldGen       total 74752K, used 61887K [0x00000000c0000000, 0x00000000c4900000, 0x00000000eab00000)
  object space 74752K, 82% used [0x00000000c0000000,0x00000000c3c6fc90,0x00000000c4900000)
 Metaspace       used 60007K, capacity 62514K, committed 63784K, reserved 1103872K
  class space    used 8189K, capacity 9152K, committed 9512K, reserved 1048576K
}
Event: 1734.142 GC heap before
{Heap before GC invocations=20 (full 6):
 PSYoungGen      total 284672K, used 27647K [0x00000000eab00000, 0x0000000100000000, 0x0000000100000000)
  eden space 257024K, 0% used [0x00000000eab00000,0x00000000eab00000,0x00000000fa600000)
  from space 27648K, 99% used [0x00000000fe500000,0x00000000fffffde0,0x0000000100000000)
  to   space 46080K, 0% used [0x00000000fa600000,0x00000000fa600000,0x00000000fd300000)
 ParOldGen       total 74752K, used 61887K [0x00000000c0000000, 0x00000000c4900000, 0x00000000eab00000)
  object space 74752K, 82% used [0x00000000c0000000,0x00000000c3c6fc90,0x00000000c4900000)
 Metaspace       used 60007K, capacity 62514K, committed 63784K, reserved 1103872K
  class space    used 8189K, capacity 9152K, committed 9512K, reserved 1048576K
Event: 1734.387 GC heap after
Heap after GC invocations=20 (full 6):
 PSYoungGen      total 284672K, used 0K [0x00000000eab00000, 0x0000000100000000, 0x0000000100000000)
  eden space 257024K, 0% used [0x00000000eab00000,0x00000000eab00000,0x00000000fa600000)
  from space 27648K, 0% used [0x00000000fe500000,0x00000000fe500000,0x0000000100000000)
  to   space 46080K, 0% used [0x00000000fa600000,0x00000000fa600000,0x00000000fd300000)
 ParOldGen       total 146944K, used 74442K [0x00000000c0000000, 0x00000000c8f80000, 0x00000000eab00000)
  object space 146944K, 50% used [0x00000000c0000000,0x00000000c48b29f0,0x00000000c8f80000)
 Metaspace       used 60007K, capacity 62514K, committed 63784K, reserved 1103872K
  class space    used 8189K, capacity 9152K, committed 9512K, reserved 1048576K
}
Event: 1740.281 GC heap before
{Heap before GC invocations=21 (full 6):
 PSYoungGen      total 284672K, used 257024K [0x00000000eab00000, 0x0000000100000000, 0x0000000100000000)
  eden space 257024K, 100% used [0x00000000eab00000,0x00000000fa600000,0x00000000fa600000)
  from space 27648K, 0% used [0x00000000fe500000,0x00000000fe500000,0x0000000100000000)
  to   space 46080K, 0% used [0x00000000fa600000,0x00000000fa600000,0x00000000fd300000)
 ParOldGen       total 146944K, used 74442K [0x00000000c0000000, 0x00000000c8f80000, 0x00000000eab00000)
  object space 146944K, 50% used [0x00000000c0000000,0x00000000c48b29f0,0x00000000c8f80000)
 Metaspace       used 73348K, capacity 76248K, committed 77352K, reserved 1116160K
  class space    used 9974K, capacity 11047K, committed 11304K, reserved 1048576K
Event: 1740.336 GC heap after
Heap after GC invocations=21 (full 6):
 PSYoungGen      total 294400K, used 37121K [0x00000000eab00000, 0x0000000100000000, 0x0000000100000000)
  eden space 257024K, 0% used [0x00000000eab00000,0x00000000eab00000,0x00000000fa600000)
  from space 37376K, 99% used [0x00000000fa600000,0x00000000fca40560,0x00000000fca80000)
  to   space 50176K, 0% used [0x00000000fcf00000,0x00000000fcf00000,0x0000000100000000)
 ParOldGen       total 146944K, used 74458K [0x00000000c0000000, 0x00000000c8f80000, 0x00000000eab00000)
  object space 146944K, 50% used [0x00000000c0000000,0x00000000c48b69f0,0x00000000c8f80000)
 Metaspace       used 73348K, capacity 76248K, committed 77352K, reserved 1116160K
  class space    used 9974K, capacity 11047K, committed 11304K, reserved 1048576K
}

Deoptimization events (10 events):
Event: 1739.691 Thread 0x0000000058d5c000 Uncommon trap: reason=class_check action=maybe_recompile pc=0x000000000455a31c method=com.sun.tools.javac.code.Types$SameTypeVisitor.visitClassType(Lcom/sun/tools/javac/code/Type$ClassType;Lcom/sun/tools/javac/code/Type;)Ljava/lang/Boolean; @ 95
Event: 1740.027 Thread 0x0000000058d5c000 Uncommon trap: reason=unreached action=reinterpret pc=0x0000000004699a20 method=com.sun.tools.javac.code.Types$18.visitClassType(Lcom/sun/tools/javac/code/Type$ClassType;Ljava/lang/Void;)Lcom/sun/tools/javac/code/Type; @ 43
Event: 1740.173 Thread 0x0000000058d5c000 Uncommon trap: reason=class_check action=maybe_recompile pc=0x0000000004520ab0 method=com.sun.tools.javac.code.Types.rank(Lcom/sun/tools/javac/code/Type;)I @ 131
Event: 1740.173 Thread 0x0000000058d5c000 Uncommon trap: reason=class_check action=maybe_recompile pc=0x0000000004520404 method=com.sun.tools.javac.code.Types.rank(Lcom/sun/tools/javac/code/Type;)I @ 1
Event: 1740.173 Thread 0x0000000058d5c000 Uncommon trap: reason=class_check action=maybe_recompile pc=0x0000000004520404 method=com.sun.tools.javac.code.Types.rank(Lcom/sun/tools/javac/code/Type;)I @ 1
Event: 1740.173 Thread 0x0000000058d5c000 Uncommon trap: reason=class_check action=maybe_recompile pc=0x0000000004520ab0 method=com.sun.tools.javac.code.Types.rank(Lcom/sun/tools/javac/code/Type;)I @ 131
Event: 1740.175 Thread 0x0000000058d5c000 Uncommon trap: reason=class_check action=maybe_recompile pc=0x0000000004711d7c method=com.sun.tools.javac.code.Types.resultSubtype(Lcom/sun/tools/javac/code/Type;Lcom/sun/tools/javac/code/Type;Lcom/sun/tools/javac/util/Warner;)Z @ 1
Event: 1740.195 Thread 0x0000000058d5c000 Uncommon trap: reason=unreached action=reinterpret pc=0x000000000453a154 method=com.sun.tools.javac.tree.TreeScanner.scan(Lcom/sun/tools/javac/util/List;)V @ 1
Event: 1740.197 Thread 0x0000000058d5c000 Uncommon trap: reason=unreached action=reinterpret pc=0x000000000440de54 method=com.sun.tools.javac.code.Types$18.visitClassType(Lcom/sun/tools/javac/code/Type$ClassType;Ljava/lang/Void;)Lcom/sun/tools/javac/code/Type; @ 43
Event: 1740.198 Thread 0x0000000058d5c000 Uncommon trap: reason=unreached action=reinterpret pc=0x00000000043ed4c4 method=com.sun.tools.javac.code.Types$18.visitClassType(Lcom/sun/tools/javac/code/Type$ClassType;Ljava/lang/Void;)Lcom/sun/tools/javac/code/Type; @ 43

Internal exceptions (10 events):
Event: 1737.821 Thread 0x0000000058d5c000 Exception <a 'java/security/PrivilegedActionException'> (0x00000000f5864c08) thrown at [D:\re\workspace\8-2-build-windows-amd64-cygwin\jdk8u20\1074\hotspot\src\share\vm\prims\jvm.cpp, line 1275]
Event: 1737.821 Thread 0x0000000058d5c000 Exception <a 'java/security/PrivilegedActionException'> (0x00000000f5866290) thrown at [D:\re\workspace\8-2-build-windows-amd64-cygwin\jdk8u20\1074\hotspot\src\share\vm\prims\jvm.cpp, line 1275]
Event: 1738.420 Thread 0x0000000058d5c000 Implicit null exception at 0x0000000003b2d77c to 0x0000000003b2d7f2
Event: 1740.610 Thread 0x0000000058d5c000 Exception <a 'java/security/PrivilegedActionException'> (0x00000000eaca5e20) thrown at [D:\re\workspace\8-2-build-windows-amd64-cygwin\jdk8u20\1074\hotspot\src\share\vm\prims\jvm.cpp, line 1275]
Event: 1740.610 Thread 0x0000000058d5c000 Exception <a 'java/security/PrivilegedActionException'> (0x00000000eaca7460) thrown at [D:\re\workspace\8-2-build-windows-amd64-cygwin\jdk8u20\1074\hotspot\src\share\vm\prims\jvm.cpp, line 1275]
Event: 1740.613 Thread 0x0000000058d5c000 Exception <a 'java/security/PrivilegedActionException'> (0x00000000eace1280) thrown at [D:\re\workspace\8-2-build-windows-amd64-cygwin\jdk8u20\1074\hotspot\src\share\vm\prims\jvm.cpp, line 1275]
Event: 1740.613 Thread 0x0000000058d5c000 Exception <a 'java/security/PrivilegedActionException'> (0x00000000eace2040) thrown at [D:\re\workspace\8-2-build-windows-amd64-cygwin\jdk8u20\1074\hotspot\src\share\vm\prims\jvm.cpp, line 1275]
Event: 1740.690 Thread 0x0000000058d5c000 Exception <a 'java/security/PrivilegedActionException'> (0x00000000eb1d7d48) thrown at [D:\re\workspace\8-2-build-windows-amd64-cygwin\jdk8u20\1074\hotspot\src\share\vm\prims\jvm.cpp, line 1275]
Event: 1740.690 Thread 0x0000000058d5c000 Exception <a 'java/security/PrivilegedActionException'> (0x00000000eb1d9358) thrown at [D:\re\workspace\8-2-build-windows-amd64-cygwin\jdk8u20\1074\hotspot\src\share\vm\prims\jvm.cpp, line 1275]
Event: 1740.690 Thread 0x0000000058d5c000 Exception <a 'java/security/PrivilegedActionException'> (0x00000000eb1e48f8) thrown at [D:\re\workspace\8-2-build-windows-amd64-cygwin\jdk8u20\1074\hotspot\src\share\vm\prims\jvm.cpp, line 1275]

Events (10 events):
Event: 1740.740 Thread 0x00000000568c3000 flushing nmethod 0x0000000003732690
Event: 1740.740 Thread 0x00000000568c3000 flushing nmethod 0x0000000003749050
Event: 1740.740 Thread 0x00000000568c3000 flushing nmethod 0x000000000374f910
Event: 1740.740 Thread 0x00000000568c3000 flushing nmethod 0x000000000383a550
Event: 1740.758 Thread 0x00000000568c3000 flushing nmethod 0x00000000038eb190
Event: 1740.758 Thread 0x00000000568c3000 flushing nmethod 0x000000000393de50
Event: 1740.758 Thread 0x00000000568c3000 flushing nmethod 0x00000000039a4f90
Event: 1740.758 Thread 0x00000000568c3000 flushing nmethod 0x00000000039cf810
Event: 1740.758 Thread 0x00000000568c3000 flushing nmethod 0x00000000039f1350
Event: 1740.759 Thread 0x00000000568c3000 flushing nmethod 0x0000000003a4df50


Dynamic libraries:
0x000000013f2f0000 - 0x000000013f324000 	C:\Program Files\Java\jdk1.8.0_20\bin\java.exe
0x0000000076db0000 - 0x0000000076f59000 	C:\Windows\SYSTEM32\ntdll.dll
0x0000000076b90000 - 0x0000000076caf000 	C:\Windows\system32\kernel32.dll
0x000007fefcec0000 - 0x000007fefcf2c000 	C:\Windows\system32\KERNELBASE.dll
0x000007fefdc40000 - 0x000007fefdd1b000 	C:\Windows\system32\ADVAPI32.dll
0x000007fefe200000 - 0x000007fefe29f000 	C:\Windows\system32\msvcrt.dll
0x000007fefcf80000 - 0x000007fefcf9f000 	C:\Windows\SYSTEM32\sechost.dll
0x000007fefcfa0000 - 0x000007fefd0cd000 	C:\Windows\system32\RPCRT4.dll
0x0000000076cb0000 - 0x0000000076daa000 	C:\Windows\system32\USER32.dll
0x000007fefd640000 - 0x000007fefd6a7000 	C:\Windows\system32\GDI32.dll
0x000007fefe320000 - 0x000007fefe32e000 	C:\Windows\system32\LPK.dll
0x000007fefd840000 - 0x000007fefd909000 	C:\Windows\system32\USP10.dll
0x000007fefbb80000 - 0x000007fefbd74000 	C:\Windows\WinSxS\amd64_microsoft.windows.common-controls_6595b64144ccf1df_6.0.7601.17514_none_fa396087175ac9ac\COMCTL32.dll
0x000007fefd9b0000 - 0x000007fefda21000 	C:\Windows\system32\SHLWAPI.dll
0x000007fefdf60000 - 0x000007fefdf8e000 	C:\Windows\system32\IMM32.DLL
0x000007fefd3a0000 - 0x000007fefd4a9000 	C:\Windows\system32\MSCTF.dll
0x000007fefcaa0000 - 0x000007fefcae0000 	C:\Windows\system32\nvinitx.dll
0x0000000078cc0000 - 0x0000000078d92000 	C:\Program Files\Java\jdk1.8.0_20\jre\bin\msvcr100.dll
0x000000006feb0000 - 0x0000000070708000 	C:\Program Files\Java\jdk1.8.0_20\jre\bin\server\jvm.dll
0x000007fef9180000 - 0x000007fef9189000 	C:\Windows\system32\WSOCK32.dll
0x000007fefcf30000 - 0x000007fefcf7d000 	C:\Windows\system32\WS2_32.dll
0x000007fefd6b0000 - 0x000007fefd6b8000 	C:\Windows\system32\NSI.dll
0x000007fefb250000 - 0x000007fefb28b000 	C:\Windows\system32\WINMM.dll
0x0000000076f80000 - 0x0000000076f87000 	C:\Windows\system32\PSAPI.DLL
0x000000006ae80000 - 0x000000006ae8f000 	C:\Program Files\Java\jdk1.8.0_20\jre\bin\verify.dll
0x000000006a190000 - 0x000000006a1b8000 	C:\Program Files\Java\jdk1.8.0_20\jre\bin\java.dll
0x000000006a340000 - 0x000000006a356000 	C:\Program Files\Java\jdk1.8.0_20\jre\bin\zip.dll
0x000007fefe330000 - 0x000007feff0b9000 	C:\Windows\system32\SHELL32.dll
0x000007fefda30000 - 0x000007fefdc33000 	C:\Windows\system32\ole32.dll
0x000007fefcb70000 - 0x000007fefcb7f000 	C:\Windows\system32\profapi.dll
0x000007fefc560000 - 0x000007fefc578000 	C:\Windows\system32\CRYPTSP.dll
0x000007fefc010000 - 0x000007fefc057000 	C:\Windows\system32\rsaenh.dll
0x000007fefcba0000 - 0x000007fefcbbe000 	C:\Windows\system32\USERENV.dll
0x000007fefc9d0000 - 0x000007fefc9df000 	C:\Windows\system32\CRYPTBASE.dll
0x000000006a060000 - 0x000000006a07a000 	C:\Program Files\Java\jdk1.8.0_20\jre\bin\net.dll
0x000007fefc310000 - 0x000007fefc365000 	C:\Windows\system32\mswsock.dll
0x000007fefc2e0000 - 0x000007fefc2e7000 	C:\Windows\System32\wship6.dll
0x000007fef8db0000 - 0x000007fef8dd7000 	C:\Windows\system32\IPHLPAPI.DLL
0x000007fef8da0000 - 0x000007fef8dab000 	C:\Windows\system32\WINNSI.DLL
0x000007fef8960000 - 0x000007fef8978000 	C:\Windows\system32\dhcpcsvc.DLL
0x000007fef8940000 - 0x000007fef8951000 	C:\Windows\system32\dhcpcsvc6.DLL
0x000000006a020000 - 0x000000006a031000 	C:\Program Files\Java\jdk1.8.0_20\jre\bin\nio.dll
0x000007fef7020000 - 0x000007fef7032000 	C:\Users\SESA300553\AppData\Local\Temp\native-platform1567731429124655059dir\native-platform.dll
0x000007fefc970000 - 0x000007fefc9c7000 	C:\Windows\system32\apphelp.dll
0x000007fed4b40000 - 0x000007fed4c65000 	C:\Windows\system32\dbghelp.dll

VM Arguments:
jvm_args: -XX:MaxPermSize=256m -XX:+HeapDumpOnOutOfMemoryError -Xmx1024m -Dfile.encoding=windows-1252 -Duser.country=US -Duser.language=en -Duser.variant 
java_command: org.gradle.launcher.daemon.bootstrap.GradleDaemon 2.2.1 C:\Users\SESA300553\.gradle\daemon 10800000 9f97261c-0891-4791-ad4a-13d8e09d754a -XX:MaxPermSize=256m -XX:+HeapDumpOnOutOfMemoryError -Xmx1024m -Dfile.encoding=windows-1252 -Duser.country=US -Duser.language=en -Duser.variant
java_class_path (initial): C:\Program Files\Android\Android Studio\gradle\gradle-2.2.1\lib\gradle-launcher-2.2.1.jar
Launcher Type: SUN_STANDARD

Environment Variables:
JAVA_HOME=C:\Program Files\Java\jdk1.8.0_20
PATH=C:\Program Files (x86)\Intel\iCLS Client\;C:\Program Files\Intel\iCLS Client\;C:\ProgramData\Oracle\Java\javapath;C:\Windows\system32;C:\Windows;C:\Windows\System32\Wbem;c:\Program Files\WIDCOMM\Bluetooth Software\;c:\Program Files\WIDCOMM\Bluetooth Software\syswow64;C:\Program Files\Intel\WiFi\bin\;C:\Program Files\Common Files\Intel\WirelessCommon\;C:\Program Files (x86)\Git\cmd;C:\Program Files\nodejs\;C:\Program Files (x86)\Windows Kits\8.1\Windows Performance Toolkit\;C:\Program Files\Microsoft SQL Server\110\Tools\Binn\;C:\Program Files\Microsoft\Web Platform Installer\;C:\Program Files (x86)\Microsoft SDKs\Azure\CLI\wbin;C:\Windows\System32\WindowsPowerShell\v1.0\;C:\Windows\System32\WindowsPowerShell\v1.0\;C:\Program Files\Intel\Intel(R) Management Engine Components\DAL;C:\Program Files\Intel\Intel(R) Management Engine Components\IPT;C:\Program Files (x86)\Intel\Intel(R) Management Engine Components\DAL;C:\Program Files (x86)\Intel\Intel(R) Management Engine Components\IPT;C:\Program Files (x86)\Microsoft SDKs\TypeScript\1.0\;C:\Program Files\Microsoft SQL Server\120\Tools\Binn\;C:\Program Files (x86)\1E\NomadBranch\;C:\Program Files (x86)\Skype\Phone\;C:\Users\SESA300553\AppData\Roaming\npm;C:\Users\SESA300553\AppData\Local\Box\Box Edit\
USERNAME=SESA300553
OS=Windows_NT
PROCESSOR_IDENTIFIER=Intel64 Family 6 Model 60 Stepping 3, GenuineIntel



---------------  S Y S T E M  ---------------

OS: Windows 7 , 64 bit Build 7601 Service Pack 1

CPU:total 4 (2 cores per cpu, 2 threads per core) family 6 model 60 stepping 3, cmov, cx8, fxsr, mmx, sse, sse2, sse3, ssse3, sse4.1, sse4.2, popcnt, avx, avx2, aes, clmul, erms, rtm, lzcnt, ht, tsc, tscinvbit, bmi1, bmi2

Memory: 4k page, physical 8005124k(748696k free), swap 10624708k(5084k free)

vm_info: Java HotSpot(TM) 64-Bit Server VM (25.20-b23) for windows-amd64 JRE (1.8.0_20-b26), built on Jul 30 2014 13:51:23 by "java_re" with MS VC++ 10.0 (VS2010)

time: Mon May 18 00:30:12 2015
elapsed time: 1741 seconds (0d 0h 29m 1s)

