#
# There is insufficient memory for the Java Runtime Environment to continue.
# Native memory allocation (malloc) failed to allocate 1713696 bytes for Chunk::new
# Possible reasons:
#   The system is out of physical RAM or swap space
#   In 32 bit mode, the process size limit was hit
# Possible solutions:
#   Reduce memory load on the system
#   Increase physical memory or swap space
#   Check if swap backing store is full
#   Use 64 bit Java on a 64 bit OS
#   Decrease Java heap size (-Xmx/-Xms)
#   Decrease number of Java threads
#   Decrease Java thread stack sizes (-Xss)
#   Set larger code cache with -XX:ReservedCodeCacheSize=
# This output file may be truncated or incomplete.
#
#  Out of Memory Error (allocation.cpp:390), pid=10940, tid=14392
#
# JRE version: Java(TM) SE Runtime Environment (8.0_20-b26) (build 1.8.0_20-b26)
# Java VM: Java HotSpot(TM) 64-Bit Server VM (25.20-b23 mixed mode windows-amd64 compressed oops)
# Failed to write core dump. Minidumps are not enabled by default on client versions of Windows
#

---------------  T H R E A D  ---------------

Current thread (0x0000000056673000):  JavaThread "C2 CompilerThread0" daemon [_thread_in_native, id=14392, stack(0x0000000056d60000,0x0000000056e60000)]

Stack: [0x0000000056d60000,0x0000000056e60000]
Native frames: (J=compiled Java code, j=interpreted, Vv=VM code, C=native code)
V  [jvm.dll+0x3152fa]


Current CompileTask:
C2: 568875 5422       4       java.beans.MethodDescriptor::<init> (48 bytes)


---------------  P R O C E S S  ---------------

Java Threads: ( => current thread )
  0x00000000576dd800 JavaThread "Forward streams with process: command 'C:\Program Files\Java\jdk1.8.0_20\bin\java.exe' Thread 3" [_thread_in_native, id=13452, stack(0x0000000060f50000,0x0000000061050000)]
  0x00000000576dd000 JavaThread "Forward streams with process: command 'C:\Program Files\Java\jdk1.8.0_20\bin\java.exe' Thread 2" [_thread_in_native, id=10732, stack(0x0000000060de0000,0x0000000060ee0000)]
  0x00000000576dc000 JavaThread "Forward streams with process: command 'C:\Program Files\Java\jdk1.8.0_20\bin\java.exe'" [_thread_blocked, id=10632, stack(0x0000000060cd0000,0x0000000060dd0000)]
  0x00000000576db800 JavaThread "Run command 'C:\Program Files\Java\jdk1.8.0_20\bin\java.exe'" [_thread_in_native, id=15356, stack(0x0000000060bb0000,0x0000000060cb0000)]
  0x0000000058a03800 JavaThread "pool-1-thread-4" [_thread_blocked, id=14744, stack(0x0000000060440000,0x0000000060540000)]
  0x0000000058a03000 JavaThread "pool-1-thread-3" [_thread_blocked, id=13700, stack(0x000000005ecd0000,0x000000005edd0000)]
  0x0000000058a02000 JavaThread "pool-1-thread-2" [_thread_blocked, id=11752, stack(0x0000000059600000,0x0000000059700000)]
  0x0000000058a01800 JavaThread "pool-1-thread-1" [_thread_blocked, id=15948, stack(0x000000005d6c0000,0x000000005d7c0000)]
  0x0000000058a00000 JavaThread "Stdin handler" [_thread_blocked, id=9108, stack(0x000000005c3b0000,0x000000005c4b0000)]
  0x00000000589fe800 JavaThread "Daemon worker Thread 2" [_thread_blocked, id=16124, stack(0x0000000059710000,0x0000000059810000)]
  0x00000000589fd800 JavaThread "Cancel handler" [_thread_blocked, id=12976, stack(0x0000000056c60000,0x0000000056d60000)]
  0x00000000589ff000 JavaThread "Handler for socket connection from /127.0.0.1:12072 to /127.0.0.1:12267" [_thread_in_native, id=13764, stack(0x00000000594c0000,0x00000000595c0000)]
  0x00000000589fd000 JavaThread "Daemon Thread 2" [_thread_blocked, id=3732, stack(0x0000000056e70000,0x0000000056f70000)]
  0x0000000058775000 JavaThread "File lock request listener" [_thread_in_native, id=5124, stack(0x000000005d530000,0x000000005d630000)]
  0x0000000057fe7000 JavaThread "Incoming local TCP Connector on port 12072" [_thread_in_native, id=14408, stack(0x0000000059050000,0x0000000059150000)]
  0x00000000566fa000 JavaThread "Service Thread" daemon [_thread_blocked, id=13504, stack(0x00000000572d0000,0x00000000573d0000)]
  0x000000005667b800 JavaThread "C1 CompilerThread2" daemon [_thread_blocked, id=1856, stack(0x0000000057170000,0x0000000057270000)]
  0x0000000056678000 JavaThread "C2 CompilerThread1" daemon [_thread_blocked, id=15516, stack(0x0000000057000000,0x0000000057100000)]
=>0x0000000056673000 JavaThread "C2 CompilerThread0" daemon [_thread_in_native, id=14392, stack(0x0000000056d60000,0x0000000056e60000)]
  0x0000000055215800 JavaThread "Attach Listener" daemon [_thread_blocked, id=14300, stack(0x0000000056b30000,0x0000000056c30000)]
  0x0000000055214000 JavaThread "Signal Dispatcher" daemon [_thread_blocked, id=16204, stack(0x00000000563a0000,0x00000000564a0000)]
  0x00000000551b5800 JavaThread "Finalizer" daemon [_thread_blocked, id=16300, stack(0x0000000056570000,0x0000000056670000)]
  0x00000000551ac800 JavaThread "Reference Handler" daemon [_thread_blocked, id=14500, stack(0x0000000056290000,0x0000000056390000)]
  0x000000000047e800 JavaThread "main" [_thread_blocked, id=15248, stack(0x00000000025d0000,0x00000000026d0000)]

Other Threads:
  0x00000000551a7000 VMThread [stack: 0x0000000056130000,0x0000000056230000] [id=6952]
  0x000000005521f800 WatcherThread [stack: 0x00000000574c0000,0x00000000575c0000] [id=6812]

VM state:not at safepoint (normal execution)

VM Mutex/Monitor currently owned by a thread: None

Heap:
 PSYoungGen      total 313344K, used 158866K [0x00000000eab00000, 0x0000000100000000, 0x0000000100000000)
  eden space 290816K, 46% used [0x00000000eab00000,0x00000000f302a2a0,0x00000000fc700000)
  from space 22528K, 99% used [0x00000000fea00000,0x00000000ffffa670,0x0000000100000000)
  to   space 29184K, 0% used [0x00000000fc700000,0x00000000fc700000,0x00000000fe380000)
 ParOldGen       total 76800K, used 44286K [0x00000000c0000000, 0x00000000c4b00000, 0x00000000eab00000)
  object space 76800K, 57% used [0x00000000c0000000,0x00000000c2b3fb40,0x00000000c4b00000)
 Metaspace       used 55443K, capacity 57490K, committed 57728K, reserved 1099776K
  class space    used 7542K, capacity 8306K, committed 8320K, reserved 1048576K

Card table byte_map: [0x0000000011d60000,0x0000000011f70000] byte_map_base: 0x0000000011760000

Marking Bits: (ParMarkBitMap*) 0x000000007068b460
 Begin Bits: [0x0000000012620000, 0x0000000013620000)
 End Bits:   [0x0000000013620000, 0x0000000014620000)

Polling page: 0x0000000000430000

CodeCache: size=245760Kb used=21467Kb max_used=21479Kb free=224292Kb
 bounds [0x00000000029a0000, 0x0000000003eb0000, 0x00000000119a0000]
 total_blobs=7430 nmethods=6737 adapters=604
 compilation: enabled

Compilation events (10 events):
Event: 567.197 Thread 0x000000005667b800 7628       3       org.codehaus.groovy.reflection.ClassInfo::hasPerInstanceMetaClasses (13 bytes)
Event: 567.197 Thread 0x000000005667b800 nmethod 7628 0x0000000003ea1350 code [0x0000000003ea14a0, 0x0000000003ea1650]
Event: 567.197 Thread 0x000000005667b800 7629       3       groovy.lang.MetaClassImpl::createPojoCallSite (53 bytes)
Event: 567.197 Thread 0x000000005667b800 nmethod 7629 0x0000000003ea4610 code [0x0000000003ea47c0, 0x0000000003ea4c98]
Event: 567.197 Thread 0x000000005667b800 7630       3       org.codehaus.groovy.runtime.callsite.PojoMetaMethodSite::<init> (18 bytes)
Event: 567.197 Thread 0x000000005667b800 nmethod 7630 0x0000000003ea3e90 code [0x0000000003ea4020, 0x0000000003ea43e8]
Event: 567.201 Thread 0x0000000056678000 7631       4       groovyjarjarasm.asm.ByteVector::b (64 bytes)
Event: 567.202 Thread 0x0000000056678000 nmethod 7631 0x0000000003e9fa10 code [0x0000000003e9fb60, 0x0000000003e9fce8]
Event: 567.206 Thread 0x0000000056678000 7632       4       java.util.LinkedList::linkLast (59 bytes)
Event: 567.207 Thread 0x0000000056678000 nmethod 7632 0x0000000003ea7010 code [0x0000000003ea7160, 0x0000000003ea7298]

GC Heap History (10 events):
Event: 6.205 GC heap before
{Heap before GC invocations=7 (full 1):
 PSYoungGen      total 132096K, used 95034K [0x00000000eab00000, 0x00000000faf80000, 0x0000000100000000)
  eden space 126976K, 70% used [0x00000000eab00000,0x00000000f02d27f0,0x00000000f2700000)
  from space 5120K, 99% used [0x00000000f2700000,0x00000000f2bfc030,0x00000000f2c00000)
  to   space 14336K, 0% used [0x00000000fa180000,0x00000000fa180000,0x00000000faf80000)
 ParOldGen       total 49664K, used 13663K [0x00000000c0000000, 0x00000000c3080000, 0x00000000eab00000)
  object space 49664K, 27% used [0x00000000c0000000,0x00000000c0d57cd8,0x00000000c3080000)
 Metaspace       used 34477K, capacity 35420K, committed 35496K, reserved 1079296K
  class space    used 4698K, capacity 5083K, committed 5120K, reserved 1048576K
Event: 6.242 GC heap after
Heap after GC invocations=7 (full 1):
 PSYoungGen      total 247296K, used 14314K [0x00000000eab00000, 0x00000000fb600000, 0x0000000100000000)
  eden space 232960K, 0% used [0x00000000eab00000,0x00000000eab00000,0x00000000f8e80000)
  from space 14336K, 99% used [0x00000000fa180000,0x00000000faf7a850,0x00000000faf80000)
  to   space 19456K, 0% used [0x00000000f8e80000,0x00000000f8e80000,0x00000000fa180000)
 ParOldGen       total 49664K, used 17680K [0x00000000c0000000, 0x00000000c3080000, 0x00000000eab00000)
  object space 49664K, 35% used [0x00000000c0000000,0x00000000c1144040,0x00000000c3080000)
 Metaspace       used 34477K, capacity 35420K, committed 35496K, reserved 1079296K
  class space    used 4698K, capacity 5083K, committed 5120K, reserved 1048576K
}
Event: 6.242 GC heap before
{Heap before GC invocations=8 (full 2):
 PSYoungGen      total 247296K, used 14314K [0x00000000eab00000, 0x00000000fb600000, 0x0000000100000000)
  eden space 232960K, 0% used [0x00000000eab00000,0x00000000eab00000,0x00000000f8e80000)
  from space 14336K, 99% used [0x00000000fa180000,0x00000000faf7a850,0x00000000faf80000)
  to   space 19456K, 0% used [0x00000000f8e80000,0x00000000f8e80000,0x00000000fa180000)
 ParOldGen       total 49664K, used 17680K [0x00000000c0000000, 0x00000000c3080000, 0x00000000eab00000)
  object space 49664K, 35% used [0x00000000c0000000,0x00000000c1144040,0x00000000c3080000)
 Metaspace       used 34477K, capacity 35420K, committed 35496K, reserved 1079296K
  class space    used 4698K, capacity 5083K, committed 5120K, reserved 1048576K
Event: 6.357 GC heap after
Heap after GC invocations=8 (full 2):
 PSYoungGen      total 247296K, used 0K [0x00000000eab00000, 0x00000000fb600000, 0x0000000100000000)
  eden space 232960K, 0% used [0x00000000eab00000,0x00000000eab00000,0x00000000f8e80000)
  from space 14336K, 0% used [0x00000000fa180000,0x00000000fa180000,0x00000000faf80000)
  to   space 19456K, 0% used [0x00000000f8e80000,0x00000000f8e80000,0x00000000fa180000)
 ParOldGen       total 76800K, used 25617K [0x00000000c0000000, 0x00000000c4b00000, 0x00000000eab00000)
  object space 76800K, 33% used [0x00000000c0000000,0x00000000c1904678,0x00000000c4b00000)
 Metaspace       used 34477K, capacity 35420K, committed 35496K, reserved 1079296K
  class space    used 4698K, capacity 5083K, committed 5120K, reserved 1048576K
}
Event: 16.396 GC heap before
{Heap before GC invocations=9 (full 2):
 PSYoungGen      total 247296K, used 191777K [0x00000000eab00000, 0x00000000fb600000, 0x0000000100000000)
  eden space 232960K, 82% used [0x00000000eab00000,0x00000000f66486e0,0x00000000f8e80000)
  from space 14336K, 0% used [0x00000000fa180000,0x00000000fa180000,0x00000000faf80000)
  to   space 19456K, 0% used [0x00000000f8e80000,0x00000000f8e80000,0x00000000fa180000)
 ParOldGen       total 76800K, used 25617K [0x00000000c0000000, 0x00000000c4b00000, 0x00000000eab00000)
  object space 76800K, 33% used [0x00000000c0000000,0x00000000c1904678,0x00000000c4b00000)
 Metaspace       used 40710K, capacity 42012K, committed 42240K, reserved 1085440K
  class space    used 5631K, capacity 6087K, committed 6144K, reserved 1048576K
Event: 16.415 GC heap after
Heap after GC invocations=9 (full 2):
 PSYoungGen      total 252416K, used 18556K [0x00000000eab00000, 0x0000000100000000, 0x0000000100000000)
  eden space 232960K, 0% used [0x00000000eab00000,0x00000000eab00000,0x00000000f8e80000)
  from space 19456K, 95% used [0x00000000f8e80000,0x00000000fa09f3f0,0x00000000fa180000)
  to   space 22528K, 0% used [0x00000000fea00000,0x00000000fea00000,0x0000000100000000)
 ParOldGen       total 76800K, used 25625K [0x00000000c0000000, 0x00000000c4b00000, 0x00000000eab00000)
  object space 76800K, 33% used [0x00000000c0000000,0x00000000c1906678,0x00000000c4b00000)
 Metaspace       used 40710K, capacity 42012K, committed 42240K, reserved 1085440K
  class space    used 5631K, capacity 6087K, committed 6144K, reserved 1048576K
}
Event: 16.415 GC heap before
{Heap before GC invocations=10 (full 3):
 PSYoungGen      total 252416K, used 18556K [0x00000000eab00000, 0x0000000100000000, 0x0000000100000000)
  eden space 232960K, 0% used [0x00000000eab00000,0x00000000eab00000,0x00000000f8e80000)
  from space 19456K, 95% used [0x00000000f8e80000,0x00000000fa09f3f0,0x00000000fa180000)
  to   space 22528K, 0% used [0x00000000fea00000,0x00000000fea00000,0x0000000100000000)
 ParOldGen       total 76800K, used 25625K [0x00000000c0000000, 0x00000000c4b00000, 0x00000000eab00000)
  object space 76800K, 33% used [0x00000000c0000000,0x00000000c1906678,0x00000000c4b00000)
 Metaspace       used 40710K, capacity 42012K, committed 42240K, reserved 1085440K
  class space    used 5631K, capacity 6087K, committed 6144K, reserved 1048576K
Event: 16.591 GC heap after
Heap after GC invocations=10 (full 3):
 PSYoungGen      total 252416K, used 0K [0x00000000eab00000, 0x0000000100000000, 0x0000000100000000)
  eden space 232960K, 0% used [0x00000000eab00000,0x00000000eab00000,0x00000000f8e80000)
  from space 19456K, 0% used [0x00000000f8e80000,0x00000000f8e80000,0x00000000fa180000)
  to   space 22528K, 0% used [0x00000000fea00000,0x00000000fea00000,0x0000000100000000)
 ParOldGen       total 76800K, used 37403K [0x00000000c0000000, 0x00000000c4b00000, 0x00000000eab00000)
  object space 76800K, 48% used [0x00000000c0000000,0x00000000c2486ca0,0x00000000c4b00000)
 Metaspace       used 40710K, capacity 42012K, committed 42240K, reserved 1085440K
  class space    used 5631K, capacity 6087K, committed 6144K, reserved 1048576K
}
Event: 563.263 GC heap before
{Heap before GC invocations=11 (full 3):
 PSYoungGen      total 252416K, used 232960K [0x00000000eab00000, 0x0000000100000000, 0x0000000100000000)
  eden space 232960K, 100% used [0x00000000eab00000,0x00000000f8e80000,0x00000000f8e80000)
  from space 19456K, 0% used [0x00000000f8e80000,0x00000000f8e80000,0x00000000fa180000)
  to   space 22528K, 0% used [0x00000000fea00000,0x00000000fea00000,0x0000000100000000)
 ParOldGen       total 76800K, used 37403K [0x00000000c0000000, 0x00000000c4b00000, 0x00000000eab00000)
  object space 76800K, 48% used [0x00000000c0000000,0x00000000c2486ca0,0x00000000c4b00000)
 Metaspace       used 49089K, capacity 50982K, committed 51072K, reserved 1093632K
  class space    used 6805K, capacity 7517K, committed 7552K, reserved 1048576K
Event: 563.330 GC heap after
Heap after GC invocations=11 (full 3):
 PSYoungGen      total 313344K, used 22505K [0x00000000eab00000, 0x0000000100000000, 0x0000000100000000)
  eden space 290816K, 0% used [0x00000000eab00000,0x00000000eab00000,0x00000000fc700000)
  from space 22528K, 99% used [0x00000000fea00000,0x00000000ffffa670,0x0000000100000000)
  to   space 29184K, 0% used [0x00000000fc700000,0x00000000fc700000,0x00000000fe380000)
 ParOldGen       total 76800K, used 44286K [0x00000000c0000000, 0x00000000c4b00000, 0x00000000eab00000)
  object space 76800K, 57% used [0x00000000c0000000,0x00000000c2b3fb40,0x00000000c4b00000)
 Metaspace       used 49089K, capacity 50982K, committed 51072K, reserved 1093632K
  class space    used 6805K, capacity 7517K, committed 7552K, reserved 1048576K
}

Deoptimization events (10 events):
Event: 563.367 Thread 0x00000000589fe800 Uncommon trap: reason=unreached action=reinterpret pc=0x00000000032c18e4 method=com.sun.org.apache.xerces.internal.dom.ParentNode.nodeListItem(I)Lorg/w3c/dom/Node; @ 15
Event: 563.469 Thread 0x000000005b583000 Uncommon trap: reason=bimorphic action=maybe_recompile pc=0x00000000033127dc method=sun.nio.cs.StreamEncoder.writeBytes()V @ 120
Event: 563.469 Thread 0x000000005b582000 Uncommon trap: reason=bimorphic action=maybe_recompile pc=0x00000000033127dc method=sun.nio.cs.StreamEncoder.writeBytes()V @ 120
Event: 563.471 Thread 0x000000005b581800 Uncommon trap: reason=bimorphic action=maybe_recompile pc=0x00000000033127dc method=sun.nio.cs.StreamEncoder.writeBytes()V @ 120
Event: 563.486 Thread 0x000000005b581800 Uncommon trap: reason=bimorphic action=maybe_recompile pc=0x00000000033127dc method=sun.nio.cs.StreamEncoder.writeBytes()V @ 120
Event: 564.953 Thread 0x00000000589fe800 Uncommon trap: reason=class_check action=maybe_recompile pc=0x00000000032349e8 method=java.util.regex.Matcher.search(I)Z @ 86
Event: 564.955 Thread 0x00000000589fe800 Uncommon trap: reason=class_check action=maybe_recompile pc=0x00000000032349e8 method=java.util.regex.Matcher.search(I)Z @ 86
Event: 564.956 Thread 0x00000000589fe800 Uncommon trap: reason=class_check action=maybe_recompile pc=0x00000000032349e8 method=java.util.regex.Matcher.search(I)Z @ 86
Event: 564.956 Thread 0x00000000589fe800 Uncommon trap: reason=class_check action=maybe_recompile pc=0x00000000032349e8 method=java.util.regex.Matcher.search(I)Z @ 86
Event: 566.723 Thread 0x00000000589fe800 Uncommon trap: reason=unreached action=reinterpret pc=0x0000000003e05024 method=com.sun.tools.javac.comp.Resolve$AbstractMethodCheck.argumentsAcceptable(Lcom/sun/tools/javac/comp/Env;Lcom/sun/tools/javac/comp/DeferredAttr$DeferredAttrContext;Lcom/sun/toolsÇÚπ/ÔöÅ@

Internal exceptions (10 events):
Event: 564.924 Thread 0x00000000589fe800 Exception <a 'java/lang/ClassNotFoundException': com/sun/tools/javac/api/JavacTool> (0x00000000ed4c9640) thrown at [D:\re\workspace\8-2-build-windows-amd64-cygwin\jdk8u20\1074\hotspot\src\share\vm\classfile\systemDictionary.cpp, line 202]
Event: 564.942 Thread 0x00000000589fe800 Exception <a 'java/security/PrivilegedActionException'> (0x00000000ed5c38e0) thrown at [D:\re\workspace\8-2-build-windows-amd64-cygwin\jdk8u20\1074\hotspot\src\share\vm\prims\jvm.cpp, line 1275]
Event: 564.942 Thread 0x00000000589fe800 Exception <a 'java/security/PrivilegedActionException'> (0x00000000ed5c4f68) thrown at [D:\re\workspace\8-2-build-windows-amd64-cygwin\jdk8u20\1074\hotspot\src\share\vm\prims\jvm.cpp, line 1275]
Event: 567.109 Thread 0x00000000589fe800 Exception <a 'java/security/PrivilegedActionException'> (0x00000000f2532758) thrown at [D:\re\workspace\8-2-build-windows-amd64-cygwin\jdk8u20\1074\hotspot\src\share\vm\prims\jvm.cpp, line 1275]
Event: 567.109 Thread 0x00000000589fe800 Exception <a 'java/security/PrivilegedActionException'> (0x00000000f25fb8a8) thrown at [D:\re\workspace\8-2-build-windows-amd64-cygwin\jdk8u20\1074\hotspot\src\share\vm\prims\jvm.cpp, line 1275]
Event: 567.115 Thread 0x00000000589fe800 Exception <a 'java/security/PrivilegedActionException'> (0x00000000f2635ad0) thrown at [D:\re\workspace\8-2-build-windows-amd64-cygwin\jdk8u20\1074\hotspot\src\share\vm\prims\jvm.cpp, line 1275]
Event: 567.115 Thread 0x00000000589fe800 Exception <a 'java/security/PrivilegedActionException'> (0x00000000f2636890) thrown at [D:\re\workspace\8-2-build-windows-amd64-cygwin\jdk8u20\1074\hotspot\src\share\vm\prims\jvm.cpp, line 1275]
Event: 567.205 Thread 0x00000000589fe800 Exception <a 'java/security/PrivilegedActionException'> (0x00000000f2b2b888) thrown at [D:\re\workspace\8-2-build-windows-amd64-cygwin\jdk8u20\1074\hotspot\src\share\vm\prims\jvm.cpp, line 1275]
Event: 567.205 Thread 0x00000000589fe800 Exception <a 'java/security/PrivilegedActionException'> (0x00000000f2b2ce98) thrown at [D:\re\workspace\8-2-build-windows-amd64-cygwin\jdk8u20\1074\hotspot\src\share\vm\prims\jvm.cpp, line 1275]
Event: 567.205 Thread 0x00000000589fe800 Exception <a 'java/security/PrivilegedActionException'> (0x00000000f2b38438) thrown at [D:\re\workspace\8-2-build-windows-amd64-cygwin\jdk8u20\1074\hotspot\src\share\vm\prims\jvm.cpp, line 1275]

Events (10 events):
Event: 567.208 Thread 0x00000000576db800 Thread added: 0x00000000576db800
Event: 567.209 Thread 0x00000000576dc000 Thread added: 0x00000000576dc000
Event: 567.209 Executing VM operation: RevokeBias
Event: 567.209 Executing VM operation: RevokeBias done
Event: 567.209 Thread 0x00000000576dc000 Thread exited: 0x00000000576dc000
Event: 567.209 Thread 0x00000000576dc000 Thread added: 0x00000000576dc000
Event: 567.209 Thread 0x00000000576dd000 Thread added: 0x00000000576dd000
Event: 567.209 Executing VM operation: BulkRevokeBias
Event: 567.210 Executing VM operation: BulkRevokeBias done
Event: 567.210 Thread 0x00000000576dd800 Thread added: 0x00000000576dd800


Dynamic libraries:
0x000000013fdc0000 - 0x000000013fdf4000 	C:\Program Files\Java\jdk1.8.0_20\bin\java.exe
0x0000000076db0000 - 0x0000000076f59000 	C:\Windows\SYSTEM32\ntdll.dll
0x0000000076b90000 - 0x0000000076caf000 	C:\Windows\system32\kernel32.dll
0x000007fefcec0000 - 0x000007fefcf2c000 	C:\Windows\system32\KERNELBASE.dll
0x000007fefdc40000 - 0x000007fefdd1b000 	C:\Windows\system32\ADVAPI32.dll
0x000007fefe200000 - 0x000007fefe29f000 	C:\Windows\system32\msvcrt.dll
0x000007fefcf80000 - 0x000007fefcf9f000 	C:\Windows\SYSTEM32\sechost.dll
0x000007fefcfa0000 - 0x000007fefd0cd000 	C:\Windows\system32\RPCRT4.dll
0x0000000076cb0000 - 0x0000000076daa000 	C:\Windows\system32\USER32.dll
0x000007fefd640000 - 0x000007fefd6a7000 	C:\Windows\system32\GDI32.dll
0x000007fefe320000 - 0x000007fefe32e000 	C:\Windows\system32\LPK.dll
0x000007fefd840000 - 0x000007fefd909000 	C:\Windows\system32\USP10.dll
0x000007fefbb80000 - 0x000007fefbd74000 	C:\Windows\WinSxS\amd64_microsoft.windows.common-controls_6595b64144ccf1df_6.0.7601.17514_none_fa396087175ac9ac\COMCTL32.dll
0x000007fefd9b0000 - 0x000007fefda21000 	C:\Windows\system32\SHLWAPI.dll
0x000007fefdf60000 - 0x000007fefdf8e000 	C:\Windows\system32\IMM32.DLL
0x000007fefd3a0000 - 0x000007fefd4a9000 	C:\Windows\system32\MSCTF.dll
0x000007fefcaa0000 - 0x000007fefcae0000 	C:\Windows\system32\nvinitx.dll
0x0000000079020000 - 0x00000000790f2000 	C:\Program Files\Java\jdk1.8.0_20\jre\bin\msvcr100.dll
0x000000006feb0000 - 0x0000000070708000 	C:\Program Files\Java\jdk1.8.0_20\jre\bin\server\jvm.dll
0x000007fef9180000 - 0x000007fef9189000 	C:\Windows\system32\WSOCK32.dll
0x000007fefcf30000 - 0x000007fefcf7d000 	C:\Windows\system32\WS2_32.dll
0x000007fefd6b0000 - 0x000007fefd6b8000 	C:\Windows\system32\NSI.dll
0x000007fefb250000 - 0x000007fefb28b000 	C:\Windows\system32\WINMM.dll
0x0000000076f80000 - 0x0000000076f87000 	C:\Windows\system32\PSAPI.DLL
0x000000006ae80000 - 0x000000006ae8f000 	C:\Program Files\Java\jdk1.8.0_20\jre\bin\verify.dll
0x000000006a190000 - 0x000000006a1b8000 	C:\Program Files\Java\jdk1.8.0_20\jre\bin\java.dll
0x000000006a340000 - 0x000000006a356000 	C:\Program Files\Java\jdk1.8.0_20\jre\bin\zip.dll
0x000007fefe330000 - 0x000007feff0b9000 	C:\Windows\system32\SHELL32.dll
0x000007fefda30000 - 0x000007fefdc33000 	C:\Windows\system32\ole32.dll
0x000007fefcb70000 - 0x000007fefcb7f000 	C:\Windows\system32\profapi.dll
0x000007fefc560000 - 0x000007fefc578000 	C:\Windows\system32\CRYPTSP.dll
0x000007fefc010000 - 0x000007fefc057000 	C:\Windows\system32\rsaenh.dll
0x000007fefcba0000 - 0x000007fefcbbe000 	C:\Windows\system32\USERENV.dll
0x000007fefc9d0000 - 0x000007fefc9df000 	C:\Windows\system32\CRYPTBASE.dll
0x000000006a060000 - 0x000000006a07a000 	C:\Program Files\Java\jdk1.8.0_20\jre\bin\net.dll
0x000007fefc310000 - 0x000007fefc365000 	C:\Windows\system32\mswsock.dll
0x000007fefc2e0000 - 0x000007fefc2e7000 	C:\Windows\System32\wship6.dll
0x000007fef8db0000 - 0x000007fef8dd7000 	C:\Windows\system32\IPHLPAPI.DLL
0x000007fef8da0000 - 0x000007fef8dab000 	C:\Windows\system32\WINNSI.DLL
0x000007fef8960000 - 0x000007fef8978000 	C:\Windows\system32\dhcpcsvc.DLL
0x000007fef8940000 - 0x000007fef8951000 	C:\Windows\system32\dhcpcsvc6.DLL
0x000000006a020000 - 0x000000006a031000 	C:\Program Files\Java\jdk1.8.0_20\jre\bin\nio.dll
0x000007fef7020000 - 0x000007fef7032000 	C:\Users\SESA300553\AppData\Local\Temp\native-platform5297797389016300269dir\native-platform.dll
0x000007fefc970000 - 0x000007fefc9c7000 	C:\Windows\system32\apphelp.dll
0x000007fed4b40000 - 0x000007fed4c65000 	C:\Windows\system32\dbghelp.dll

VM Arguments:
jvm_args: -XX:MaxPermSize=256m -XX:+HeapDumpOnOutOfMemoryError -Xmx1024m -Dfile.encoding=windows-1252 -Duser.country=US -Duser.language=en -Duser.variant 
java_command: org.gradle.launcher.daemon.bootstrap.GradleDaemon 2.2.1 C:\Users\SESA300553\.gradle\daemon 10800000 c9da4072-32d3-4546-9a4b-03f58e086499 -XX:MaxPermSize=256m -XX:+HeapDumpOnOutOfMemoryError -Xmx1024m -Dfile.encoding=windows-1252 -Duser.country=US -Duser.language=en -Duser.variant
java_class_path (initial): C:\Program Files\Android\Android Studio\gradle\gradle-2.2.1\lib\gradle-launcher-2.2.1.jar
Launcher Type: SUN_STANDARD

Environment Variables:
JAVA_HOME=C:\Program Files\Java\jdk1.8.0_20
PATH=C:\Program Files (x86)\Intel\iCLS Client\;C:\Program Files\Intel\iCLS Client\;C:\ProgramData\Oracle\Java\javapath;C:\Windows\system32;C:\Windows;C:\Windows\System32\Wbem;c:\Program Files\WIDCOMM\Bluetooth Software\;c:\Program Files\WIDCOMM\Bluetooth Software\syswow64;C:\Program Files\Intel\WiFi\bin\;C:\Program Files\Common Files\Intel\WirelessCommon\;C:\Program Files (x86)\Git\cmd;C:\Program Files\nodejs\;C:\Program Files (x86)\Windows Kits\8.1\Windows Performance Toolkit\;C:\Program Files\Microsoft SQL Server\110\Tools\Binn\;C:\Program Files\Microsoft\Web Platform Installer\;C:\Program Files (x86)\Microsoft SDKs\Azure\CLI\wbin;C:\Windows\System32\WindowsPowerShell\v1.0\;C:\Windows\System32\WindowsPowerShell\v1.0\;C:\Program Files\Intel\Intel(R) Management Engine Components\DAL;C:\Program Files\Intel\Intel(R) Management Engine Components\IPT;C:\Program Files (x86)\Intel\Intel(R) Management Engine Components\DAL;C:\Program Files (x86)\Intel\Intel(R) Management Engine Components\IPT;C:\Program Files (x86)\Microsoft SDKs\TypeScript\1.0\;C:\Program Files\Microsoft SQL Server\120\Tools\Binn\;C:\Program Files (x86)\1E\NomadBranch\;C:\Program Files (x86)\Skype\Phone\;C:\Users\SESA300553\AppData\Roaming\npm;C:\Users\SESA300553\AppData\Local\Box\Box Edit\
USERNAME=SESA300553
OS=Windows_NT
PROCESSOR_IDENTIFIER=Intel64 Family 6 Model 60 Stepping 3, GenuineIntel



---------------  S Y S T E M  ---------------

OS: Windows 7 , 64 bit Build 7601 Service Pack 1

CPU:total 4 (2 cores per cpu, 2 threads per core) family 6 model 60 stepping 3, cmov, cx8, fxsr, mmx, sse, sse2, sse3, ssse3, sse4.1, sse4.2, popcnt, avx, avx2, aes, clmul, erms, rtm, lzcnt, ht, tsc, tscinvbit, bmi1, bmi2

Memory: 4k page, physical 8005124k(802216k free), swap 10624708k(3592k free)

vm_info: Java HotSpot(TM) 64-Bit Server VM (25.20-b23) for windows-amd64 JRE (1.8.0_20-b26), built on Jul 30 2014 13:51:23 by "java_re" with MS VC++ 10.0 (VS2010)

time: Mon May 18 00:39:56 2015
elapsed time: 568 seconds (0d 0h 9m 28s)

